#
# There is insufficient memory for the Java Runtime Environment to continue.
# Native memory allocation (malloc) failed to allocate 32744 bytes for ChunkPool::allocate
# Possible reasons:
#   The system is out of physical RAM or swap space
#   In 32 bit mode, the process size limit was hit
# Possible solutions:
#   Reduce memory load on the system
#   Increase physical memory or swap space
#   Check if swap backing store is full
#   Use 64 bit Java on a 64 bit OS
#   Decrease Java heap size (-Xmx/-Xms)
#   Decrease number of Java threads
#   Decrease Java thread stack sizes (-Xss)
#   Set larger code cache with -XX:ReservedCodeCacheSize=
# This output file may be truncated or incomplete.
#
#  Out of Memory Error (allocation.cpp:273), pid=6892, tid=0x00000000000023f4
#
# JRE version: OpenJDK Runtime Environment (8.0_112-b06) (build 1.8.0_112-release-b06)
# Java VM: OpenJDK 64-Bit Server VM (25.112-b06 mixed mode windows-amd64 compressed oops)
# Failed to write core dump. Minidumps are not enabled by default on client versions of Windows
#

---------------  T H R E A D  ---------------

Current thread (0x0000000015008000):  JavaThread "C2 CompilerThread1" daemon [_thread_in_native, id=9204, stack(0x0000000016750000,0x0000000016850000)]

Stack: [0x0000000016750000,0x0000000016850000]
[error occurred during error reporting (printing stack bounds), id 0xc0000005]

Native frames: (J=compiled Java code, j=interpreted, Vv=VM code, C=native code)


Current CompileTask:
C2:    580  779   !   4       com.android.dx.cf.code.BytecodeArray::parseInstruction (2764 bytes)


---------------  P R O C E S S  ---------------

Java Threads: ( => current thread )
  0x0000000016ba8800 JavaThread "pool-2-thread-4" [_thread_in_Java, id=7696, stack(0x0000000017350000,0x0000000017450000)]
  0x0000000016ba7800 JavaThread "pool-2-thread-3" [_thread_blocked, id=904, stack(0x0000000017250000,0x0000000017350000)]
  0x0000000016ba0000 JavaThread "pool-2-thread-2" [_thread_in_Java, id=3796, stack(0x0000000017150000,0x0000000017250000)]
  0x0000000016a9c000 JavaThread "pool-3-thread-1" [_thread_blocked, id=500, stack(0x0000000017050000,0x0000000017150000)]
  0x0000000016a99800 JavaThread "pool-2-thread-1" [_thread_in_Java, id=6788, stack(0x0000000016f50000,0x0000000017050000)]
  0x000000001506d800 JavaThread "Service Thread" daemon [_thread_blocked, id=6152, stack(0x0000000016d50000,0x0000000016e50000)]
  0x000000001506b800 JavaThread "C1 CompilerThread2" daemon [_thread_blocked, id=8672, stack(0x0000000016850000,0x0000000016950000)]
=>0x0000000015008000 JavaThread "C2 CompilerThread1" daemon [_thread_in_native, id=9204, stack(0x0000000016750000,0x0000000016850000)]
  0x0000000015017000 JavaThread "C2 CompilerThread0" daemon [_thread_in_native, id=9292, stack(0x0000000016650000,0x0000000016750000)]
  0x0000000015015800 JavaThread "Attach Listener" daemon [_thread_blocked, id=4740, stack(0x0000000016550000,0x0000000016650000)]
  0x0000000015014800 JavaThread "Signal Dispatcher" daemon [_thread_blocked, id=908, stack(0x0000000016450000,0x0000000016550000)]
  0x0000000002895800 JavaThread "Finalizer" daemon [_thread_blocked, id=6100, stack(0x0000000016270000,0x0000000016370000)]
  0x0000000002890800 JavaThread "Reference Handler" daemon [_thread_blocked, id=3616, stack(0x0000000016170000,0x0000000016270000)]
  0x00000000027a0800 JavaThread "main" [_thread_blocked, id=6840, stack(0x0000000000f20000,0x0000000001020000)]

Other Threads:
  0x0000000014fd6800 VMThread [stack: 0x0000000016070000,0x0000000016170000] [id=6468]
  0x000000001695b800 WatcherThread [stack: 0x0000000016e50000,0x0000000016f50000] [id=8664]

VM state:not at safepoint (normal execution)

VM Mutex/Monitor currently owned by a thread:  ([mutex/lock_event])
[0x000000000293c870] OsrList_lock - owner thread: 0x0000000000000000

Heap:
 PSYoungGen      total 38400K, used 26939K [0x00000000eab00000, 0x00000000ed580000, 0x0000000100000000)
  eden space 33280K, 80% used [0x00000000eab00000,0x00000000ec54ec90,0x00000000ecb80000)
  from space 5120K, 0% used [0x00000000ed080000,0x00000000ed080000,0x00000000ed580000)
  to   space 5120K, 0% used [0x00000000ecb80000,0x00000000ecb80000,0x00000000ed080000)
 ParOldGen       total 87552K, used 0K [0x00000000c0000000, 0x00000000c5580000, 0x00000000eab00000)
  object space 87552K, 0% used [0x00000000c0000000,0x00000000c0000000,0x00000000c5580000)
 Metaspace       used 5551K, capacity 6768K, committed 7040K, reserved 1056768K
  class space    used 556K, capacity 616K, committed 640K, reserved 1048576K

Card table byte_map: [0x0000000011d00000,0x0000000011f10000] byte_map_base: 0x0000000011700000

Marking Bits: (ParMarkBitMap*) 0x0000000051da18f0
 Begin Bits: [0x0000000012470000, 0x0000000013470000)
 End Bits:   [0x0000000013470000, 0x0000000014470000)

Polling page: 0x0000000000c60000

CodeCache: size=245760Kb used=3894Kb max_used=3906Kb free=241865Kb
 bounds [0x0000000002940000, 0x0000000002d20000, 0x0000000011940000]
 total_blobs=1196 nmethods=935 adapters=175
 compilation: enabled

Compilation events (10 events):
Event: 0.558 Thread 0x0000000015017000 nmethod 937 0x0000000002cf0b50 code [0x0000000002cf0c80, 0x0000000002cf0cf8]
Event: 0.558 Thread 0x0000000015017000  940 %     4       java.util.BitSet::cardinality @ 4 (32 bytes)
Event: 0.560 Thread 0x0000000015017000 nmethod 940% 0x0000000002d10f10 code [0x0000000002d11060, 0x0000000002d111f8]
Event: 0.560 Thread 0x0000000015017000  945  s    4       java.util.Vector::elementAt (48 bytes)
Event: 0.561 Thread 0x0000000015017000 nmethod 945 0x0000000002d09b90 code [0x0000000002d09ce0, 0x0000000002d09f58]
Event: 0.561 Thread 0x0000000015017000  944  s    4       java.util.Stack::pop (19 bytes)
Event: 0.563 Thread 0x0000000015017000 nmethod 944 0x0000000002d12410 code [0x0000000002d12560, 0x0000000002d12858]
Event: 0.563 Thread 0x0000000015017000  946  s    4       java.util.Vector::removeElementAt (115 bytes)
Event: 0.564 Thread 0x0000000015017000 nmethod 946 0x0000000002d0a550 code [0x0000000002d0a6a0, 0x0000000002d0a958]
Event: 0.564 Thread 0x0000000015017000  947       4       com.android.dx.ssa.Dominators::eval (29 bytes)

GC Heap History (0 events):
No events

Deoptimization events (7 events):
Event: 0.165 Thread 0x00000000027a0800 Uncommon trap: reason=unstable_if action=reinterpret pc=0x0000000002a81f14 method=java.lang.String.indexOf(II)I @ 49
Event: 0.257 Thread 0x0000000016ba8800 Uncommon trap: reason=unstable_if action=reinterpret pc=0x0000000002b0ab34 method=java.util.HashMap.getNode(ILjava/lang/Object;)Ljava/util/HashMap$Node; @ 62
Event: 0.340 Thread 0x0000000016ba8800 Uncommon trap: reason=unstable_if action=reinterpret pc=0x0000000002b6898c method=java.util.HashMap.getNode(ILjava/lang/Object;)Ljava/util/HashMap$Node; @ 129
Event: 0.565 Thread 0x0000000016ba8800 Uncommon trap: reason=class_check action=maybe_recompile pc=0x0000000002c04fe8 method=com.android.dx.ssa.NormalSsaInsn.accept(Lcom/android/dx/ssa/SsaInsn$Visitor;)V @ 9
Event: 0.566 Thread 0x0000000016ba8800 Uncommon trap: reason=class_check action=maybe_recompile pc=0x0000000002bf8a74 method=com.android.dx.ssa.NormalSsaInsn.accept(Lcom/android/dx/ssa/SsaInsn$Visitor;)V @ 9
Event: 0.566 Thread 0x0000000016ba8800 Uncommon trap: reason=class_check action=maybe_recompile pc=0x0000000002bf8a74 method=com.android.dx.ssa.NormalSsaInsn.accept(Lcom/android/dx/ssa/SsaInsn$Visitor;)V @ 9
Event: 0.569 Thread 0x0000000016ba8800 Uncommon trap: reason=unstable_if action=reinterpret pc=0x0000000002cc1ed8 method=com.android.dx.util.IntList.binarysearch(I)I @ 26

Internal exceptions (2 events):
Event: 0.047 Thread 0x00000000027a0800 Exception <a 'java/lang/NoSuchMethodError': Method sun.misc.Unsafe.defineClass(Ljava/lang/String;[BII)Ljava/lang/Class; name or signature does not match> (0x00000000eab07c78) thrown at [C:\src\android\AOSP-openjdk\external\jetbrains\jdk\hotspot\src\share\v”wÔ3mÿ§?
Event: 0.047 Thread 0x00000000027a0800 Exception <a 'java/lang/NoSuchMethodError': Method sun.misc.Unsafe.prefetchRead(Ljava/lang/Object;J)V name or signature does not match> (0x00000000eab07f60) thrown at [C:\src\android\AOSP-openjdk\external\jetbrains\jdk\hotspot\src\share\vm\prims\jni.cpp, l

Events (10 events):
Event: 0.566 Thread 0x0000000016ba8800 DEOPT PACKING pc=0x0000000002bf8a74 sp=0x000000001744ead0
Event: 0.566 Thread 0x0000000016ba8800 DEOPT UNPACKING pc=0x000000000298556a sp=0x000000001744eb10 mode 2
Event: 0.566 Thread 0x0000000016ba8800 Uncommon trap: trap_request=0xffffffde fr.pc=0x0000000002bf8a74
Event: 0.566 Thread 0x0000000016ba8800 DEOPT PACKING pc=0x0000000002bf8a74 sp=0x000000001744ead0
Event: 0.566 Thread 0x0000000016ba8800 DEOPT UNPACKING pc=0x000000000298556a sp=0x000000001744eb10 mode 2
Event: 0.569 Thread 0x0000000016ba8800 Uncommon trap: trap_request=0xffffff65 fr.pc=0x0000000002cc1ed8
Event: 0.569 Thread 0x0000000016ba8800 DEOPT PACKING pc=0x0000000002cc1ed8 sp=0x000000001744ec50
Event: 0.569 Thread 0x0000000016ba8800 DEOPT UNPACKING pc=0x000000000298556a sp=0x000000001744ebc8 mode 2
Event: 0.569 loading class com/android/dx/dex/file/MethodAnnotationStruct
Event: 0.569 loading class com/android/dx/dex/file/MethodAnnotationStruct done


Dynamic libraries:
0x00007ff7ceea0000 - 0x00007ff7ceed1000 	C:\Program Files\Android\Android Studio\jre\bin\java.exe
0x00007ffef7d40000 - 0x00007ffef7f01000 	C:\WINDOWS\SYSTEM32\ntdll.dll
0x00007ffef53f0000 - 0x00007ffef549d000 	C:\WINDOWS\system32\KERNEL32.DLL
0x00007ffef4590000 - 0x00007ffef4778000 	C:\WINDOWS\system32\KERNELBASE.dll
0x0000000052760000 - 0x00000000527e9000 	C:\WINDOWS\System32\SYSFER.DLL
0x00007ffef5780000 - 0x00007ffef5827000 	C:\WINDOWS\system32\ADVAPI32.dll
0x00007ffef7ca0000 - 0x00007ffef7d3d000 	C:\WINDOWS\system32\msvcrt.dll
0x00007ffef7aa0000 - 0x00007ffef7afb000 	C:\WINDOWS\system32\sechost.dll
0x00007ffef7920000 - 0x00007ffef7a3c000 	C:\WINDOWS\system32\RPCRT4.dll
0x00007ffef77c0000 - 0x00007ffef7916000 	C:\WINDOWS\system32\USER32.dll
0x00007ffef55f0000 - 0x00007ffef5776000 	C:\WINDOWS\system32\GDI32.dll
0x00007ffee2500000 - 0x00007ffee2774000 	C:\WINDOWS\WinSxS\amd64_microsoft.windows.common-controls_6595b64144ccf1df_6.0.10586.672_none_a2d6b3cea53ff843\COMCTL32.dll
0x00007ffef7530000 - 0x00007ffef77ad000 	C:\WINDOWS\system32\combase.dll
0x00007ffef47a0000 - 0x00007ffef480a000 	C:\WINDOWS\system32\bcryptPrimitives.dll
0x00007ffef5200000 - 0x00007ffef523b000 	C:\WINDOWS\system32\IMM32.DLL
0x0000000051330000 - 0x0000000051402000 	C:\Program Files\Android\Android Studio\jre\jre\bin\msvcr100.dll
0x00000000515e0000 - 0x0000000051e1c000 	C:\Program Files\Android\Android Studio\jre\jre\bin\server\jvm.dll
0x00007ffef7c20000 - 0x00007ffef7c28000 	C:\WINDOWS\system32\PSAPI.DLL
0x00007ffeef3a0000 - 0x00007ffeef3a9000 	C:\WINDOWS\SYSTEM32\WSOCK32.dll
0x00007ffef7c30000 - 0x00007ffef7c9b000 	C:\WINDOWS\system32\WS2_32.dll
0x00007ffeef650000 - 0x00007ffeef673000 	C:\WINDOWS\SYSTEM32\WINMM.dll
0x00007ffeee570000 - 0x00007ffeee57a000 	C:\WINDOWS\SYSTEM32\VERSION.dll
0x00007ffeef5f0000 - 0x00007ffeef61c000 	C:\WINDOWS\SYSTEM32\WINMMBASE.dll
0x00007ffef43d0000 - 0x00007ffef4413000 	C:\WINDOWS\system32\cfgmgr32.dll
0x00007ffeea320000 - 0x00007ffeea32f000 	C:\Program Files\Android\Android Studio\jre\jre\bin\verify.dll
0x00007ffeddd60000 - 0x00007ffeddd89000 	C:\Program Files\Android\Android Studio\jre\jre\bin\java.dll
0x00007ffee1f70000 - 0x00007ffee1f86000 	C:\Program Files\Android\Android Studio\jre\jre\bin\zip.dll
0x00007ffef5890000 - 0x00007ffef6dec000 	C:\WINDOWS\system32\SHELL32.dll
0x00007ffef48a0000 - 0x00007ffef4ee5000 	C:\WINDOWS\system32\windows.storage.dll
0x00007ffef5260000 - 0x00007ffef52b2000 	C:\WINDOWS\system32\shlwapi.dll
0x00007ffef4360000 - 0x00007ffef436f000 	C:\WINDOWS\system32\kernel.appcore.dll
0x00007ffef44d0000 - 0x00007ffef4585000 	C:\WINDOWS\system32\shcore.dll
0x00007ffef4380000 - 0x00007ffef43cb000 	C:\WINDOWS\system32\powrprof.dll
0x00007ffef4340000 - 0x00007ffef4354000 	C:\WINDOWS\system32\profapi.dll

VM Arguments:
jvm_args: -Djava.awt.headless=true -Xmx1024M -Dfile.encoding=windows-1252 -Duser.country=US -Duser.language=en -Duser.variant 
java_command: com.android.dx.command.Main --dex --force-jumbo --num-threads=4 --multi-dex --output C:\Users\jon.almazan\AndroidStudioProjects\AndroidSQLiteTutorial\app\build\intermediates\transforms\dex\debug\folders\1000\5\slice_1 C:\Users\jon.almazan\AndroidStudioProjects\AndroidSQLiteTutorial\app\build\intermediates\transforms\instantRunSlicer\debug\folders\1\5\slice_1
java_class_path (initial): C:\Users\jon.almazan\AppData\Local\Android\sdk\build-tools\25.0.2\lib\dx.jar
Launcher Type: SUN_STANDARD

Environment Variables:
PATH=C:\Program Files (x86)\RSA SecurID Token Common;C:\Program Files\RSA SecurID Token Common;C:\WINDOWS\system32;C:\WINDOWS;C:\WINDOWS\System32\Wbem;C:\WINDOWS\System32\WindowsPowerShell\v1.0\;C:\Program Files (x86)\Enterprise Vault\EVClient\;C:\Program Files (x86)\SecureCRT\;C:\Program Files\MySQL\MySQL Server 5.6\bin;C:\WINDOWS\System32\WindowsPowerShell\v1.0\;C:\WINDOWS\idmu\common;C:\Program Files (x86)\ATI Technologies\ATI.ACE\Core-Static;C:\Program Files\Git\cmd;C:\Program Files\Git\mingw64\bin;C:\Program Files\Git\usr\bin
USERNAME=jon.almazan
OS=Windows_NT
PROCESSOR_IDENTIFIER=Intel64 Family 6 Model 58 Stepping 9, GenuineIntel



---------------  S Y S T E M  ---------------

OS: Windows 10.0 , 64 bit Build 10586 (10.0.10586.589)

CPU:total 4 (4 cores per cpu, 1 threads per core) family 6 model 58 stepping 9, cmov, cx8, fxsr, mmx, sse, sse2, sse3, ssse3, sse4.1, sse4.2, popcnt, avx, aes, clmul, erms, tsc, tscinvbit, tscinv

Memory: 4k page, physical 8374832k(2793528k free), swap 9423408k(4108k free)

vm_info: OpenJDK 64-Bit Server VM (25.112-b06) for windows-amd64 JRE (1.8.0_112-release-b06), built on Dec  8 2016 00:54:26 by "builder" with MS VC++ 10.0 (VS2010)

time: Mon Mar 13 13:06:10 2017
elapsed time: 0 seconds (0d 0h 0m 0s)

