#
# There is insufficient memory for the Java Runtime Environment to continue.
# Native memory allocation (malloc) failed to allocate 1048576 bytes for AllocateHeap
# Possible reasons:
#   The system is out of physical RAM or swap space
#   In 32 bit mode, the process size limit was hit
# Possible solutions:
#   Reduce memory load on the system
#   Increase physical memory or swap space
#   Check if swap backing store is full
#   Use 64 bit Java on a 64 bit OS
#   Decrease Java heap size (-Xmx/-Xms)
#   Decrease number of Java threads
#   Decrease Java thread stack sizes (-Xss)
#   Set larger code cache with -XX:ReservedCodeCacheSize=
# This output file may be truncated or incomplete.
#
#  Out of Memory Error (memory/allocation.inline.hpp:61), pid=5888, tid=0x00000000000021b4
#
# JRE version:  (8.0_112-b06) (build )
# Java VM: OpenJDK 64-Bit Server VM (25.112-b06 mixed mode windows-amd64 compressed oops)
# Failed to write core dump. Minidumps are not enabled by default on client versions of Windows
#

---------------  T H R E A D  ---------------

Current thread (0x00000000012f0800):  JavaThread "Unknown thread" [_thread_in_vm, id=8628, stack(0x00000000016a0000,0x00000000017a0000)]

Stack: [0x00000000016a0000,0x00000000017a0000]
[error occurred during error reporting (printing stack bounds), id 0xc0000005]

Native frames: (J=compiled Java code, j=interpreted, Vv=VM code, C=native code)


---------------  P R O C E S S  ---------------

Java Threads: ( => current thread )

Other Threads:

=>0x00000000012f0800 (exited) JavaThread "Unknown thread" [_thread_in_vm, id=8628, stack(0x00000000016a0000,0x00000000017a0000)]

VM state:not at safepoint (normal execution)

VM Mutex/Monitor currently owned by a thread: None

Heap:
 PSYoungGen      total 38400K, used 665K [0x00000000eab00000, 0x00000000ed580000, 0x0000000100000000)
  eden space 33280K, 2% used [0x00000000eab00000,0x00000000eaba6670,0x00000000ecb80000)
  from space 5120K, 0% used [0x00000000ed080000,0x00000000ed080000,0x00000000ed580000)
  to   space 5120K, 0% used [0x00000000ecb80000,0x00000000ecb80000,0x00000000ed080000)
 ParOldGen       total 87552K, used 0K [0x00000000c0000000, 0x00000000c5580000, 0x00000000eab00000)
  object space 87552K, 0% used [0x00000000c0000000,0x00000000c0000000,0x00000000c5580000)
 Metaspace       used 772K, capacity 4480K, committed 4480K, reserved 1056768K
  class space    used 73K, capacity 384K, committed 384K, reserved 1048576K

Card table byte_map: [0x00000000122f0000,0x0000000012500000] byte_map_base: 0x0000000011cf0000

Marking Bits: (ParMarkBitMap*) 0x0000000051da18f0
 Begin Bits: [0x0000000012900000, 0x0000000013900000)
 End Bits:   [0x0000000013900000, 0x0000000014900000)

Polling page: 0x00000000010a0000

CodeCache: size=245760Kb used=328Kb max_used=328Kb free=245431Kb
 bounds [0x0000000002f30000, 0x00000000031a0000, 0x0000000011f30000]
 total_blobs=57 nmethods=0 adapters=38
 compilation: enabled

Compilation events (0 events):
No events

GC Heap History (0 events):
No events

Deoptimization events (0 events):
No events

Internal exceptions (0 events):
No events

Events (10 events):
Event: 0.028 loading class java/lang/Short
Event: 0.028 loading class java/lang/Short done
Event: 0.028 loading class java/lang/Integer
Event: 0.028 loading class java/lang/Integer done
Event: 0.028 loading class java/lang/Long
Event: 0.028 loading class java/lang/Long done
Event: 0.039 loading class java/lang/NullPointerException
Event: 0.039 loading class java/lang/NullPointerException done
Event: 0.039 loading class java/lang/ArithmeticException
Event: 0.039 loading class java/lang/ArithmeticException done


Dynamic libraries:
0x00007ff7ceea0000 - 0x00007ff7ceed1000 	C:\Program Files\Android\Android Studio\jre\bin\java.exe
0x00007ffef7d40000 - 0x00007ffef7f01000 	C:\WINDOWS\SYSTEM32\ntdll.dll
0x00007ffef53f0000 - 0x00007ffef549d000 	C:\WINDOWS\system32\KERNEL32.DLL
0x00007ffef4590000 - 0x00007ffef4778000 	C:\WINDOWS\system32\KERNELBASE.dll
0x0000000052760000 - 0x00000000527e9000 	C:\WINDOWS\System32\SYSFER.DLL
0x00007ffef5780000 - 0x00007ffef5827000 	C:\WINDOWS\system32\ADVAPI32.dll
0x00007ffef7ca0000 - 0x00007ffef7d3d000 	C:\WINDOWS\system32\msvcrt.dll
0x00007ffef7aa0000 - 0x00007ffef7afb000 	C:\WINDOWS\system32\sechost.dll
0x00007ffef7920000 - 0x00007ffef7a3c000 	C:\WINDOWS\system32\RPCRT4.dll
0x00007ffef77c0000 - 0x00007ffef7916000 	C:\WINDOWS\system32\USER32.dll
0x00007ffef55f0000 - 0x00007ffef5776000 	C:\WINDOWS\system32\GDI32.dll
0x00007ffee2500000 - 0x00007ffee2774000 	C:\WINDOWS\WinSxS\amd64_microsoft.windows.common-controls_6595b64144ccf1df_6.0.10586.672_none_a2d6b3cea53ff843\COMCTL32.dll
0x00007ffef7530000 - 0x00007ffef77ad000 	C:\WINDOWS\system32\combase.dll
0x00007ffef47a0000 - 0x00007ffef480a000 	C:\WINDOWS\system32\bcryptPrimitives.dll
0x00007ffef5200000 - 0x00007ffef523b000 	C:\WINDOWS\system32\IMM32.DLL
0x0000000051330000 - 0x0000000051402000 	C:\Program Files\Android\Android Studio\jre\jre\bin\msvcr100.dll
0x00000000515e0000 - 0x0000000051e1c000 	C:\Program Files\Android\Android Studio\jre\jre\bin\server\jvm.dll
0x00007ffef7c20000 - 0x00007ffef7c28000 	C:\WINDOWS\system32\PSAPI.DLL
0x00007ffeef3a0000 - 0x00007ffeef3a9000 	C:\WINDOWS\SYSTEM32\WSOCK32.dll
0x00007ffef7c30000 - 0x00007ffef7c9b000 	C:\WINDOWS\system32\WS2_32.dll
0x00007ffeef650000 - 0x00007ffeef673000 	C:\WINDOWS\SYSTEM32\WINMM.dll
0x00007ffeee570000 - 0x00007ffeee57a000 	C:\WINDOWS\SYSTEM32\VERSION.dll
0x00007ffeef5f0000 - 0x00007ffeef61c000 	C:\WINDOWS\SYSTEM32\WINMMBASE.dll
0x00007ffef43d0000 - 0x00007ffef4413000 	C:\WINDOWS\system32\cfgmgr32.dll
0x00007ffeea320000 - 0x00007ffeea32f000 	C:\Program Files\Android\Android Studio\jre\jre\bin\verify.dll
0x00007ffeddd60000 - 0x00007ffeddd89000 	C:\Program Files\Android\Android Studio\jre\jre\bin\java.dll
0x00007ffee1f70000 - 0x00007ffee1f86000 	C:\Program Files\Android\Android Studio\jre\jre\bin\zip.dll

VM Arguments:
jvm_args: -Djava.awt.headless=true -Xmx1024M -Dfile.encoding=windows-1252 -Duser.country=US -Duser.language=en -Duser.variant 
java_command: com.android.dx.command.Main --dex --force-jumbo --num-threads=4 --multi-dex --output C:\Users\jon.almazan\AndroidStudioProjects\AndroidSQLiteTutorial\app\build\intermediates\transforms\dex\debug\folders\1000\5\slice_4 C:\Users\jon.almazan\AndroidStudioProjects\AndroidSQLiteTutorial\app\build\intermediates\transforms\instantRunSlicer\debug\folders\1\5\slice_4
java_class_path (initial): C:\Users\jon.almazan\AppData\Local\Android\sdk\build-tools\25.0.2\lib\dx.jar
Launcher Type: SUN_STANDARD

Environment Variables:
PATH=C:\Program Files (x86)\RSA SecurID Token Common;C:\Program Files\RSA SecurID Token Common;C:\WINDOWS\system32;C:\WINDOWS;C:\WINDOWS\System32\Wbem;C:\WINDOWS\System32\WindowsPowerShell\v1.0\;C:\Program Files (x86)\Enterprise Vault\EVClient\;C:\Program Files (x86)\SecureCRT\;C:\Program Files\MySQL\MySQL Server 5.6\bin;C:\WINDOWS\System32\WindowsPowerShell\v1.0\;C:\WINDOWS\idmu\common;C:\Program Files (x86)\ATI Technologies\ATI.ACE\Core-Static;C:\Program Files\Git\cmd;C:\Program Files\Git\mingw64\bin;C:\Program Files\Git\usr\bin
USERNAME=jon.almazan
OS=Windows_NT
PROCESSOR_IDENTIFIER=Intel64 Family 6 Model 58 Stepping 9, GenuineIntel



---------------  S Y S T E M  ---------------

OS: Windows 10.0 , 64 bit Build 10586 (10.0.10586.589)

CPU:total 4 (4 cores per cpu, 1 threads per core) family 6 model 58 stepping 9, cmov, cx8, fxsr, mmx, sse, sse2, sse3, ssse3, sse4.1, sse4.2, popcnt, avx, aes, clmul, erms, tsc, tscinvbit, tscinv

Memory: 4k page, physical 8374832k(2596196k free), swap 9423408k(10712k free)

vm_info: OpenJDK 64-Bit Server VM (25.112-b06) for windows-amd64 JRE (1.8.0_112-release-b06), built on Dec  8 2016 00:54:26 by "builder" with MS VC++ 10.0 (VS2010)

time: Mon Mar 13 13:25:28 2017
elapsed time: 0 seconds (0d 0h 0m 0s)

