#
# There is insufficient memory for the Java Runtime Environment to continue.
# Native memory allocation (malloc) failed to allocate 81936 bytes for Chunk::new
# Possible reasons:
#   The system is out of physical RAM or swap space
#   In 32 bit mode, the process size limit was hit
# Possible solutions:
#   Reduce memory load on the system
#   Increase physical memory or swap space
#   Check if swap backing store is full
#   Use 64 bit Java on a 64 bit OS
#   Decrease Java heap size (-Xmx/-Xms)
#   Decrease number of Java threads
#   Decrease Java thread stack sizes (-Xss)
#   Set larger code cache with -XX:ReservedCodeCacheSize=
# This output file may be truncated or incomplete.
#
#  Out of Memory Error (allocation.cpp:390), pid=7416, tid=0x0000000000001d44
#
# JRE version: OpenJDK Runtime Environment (8.0_112-b06) (build 1.8.0_112-release-b06)
# Java VM: OpenJDK 64-Bit Server VM (25.112-b06 mixed mode windows-amd64 compressed oops)
# Failed to write core dump. Minidumps are not enabled by default on client versions of Windows
#

---------------  T H R E A D  ---------------

Current thread (0x000000001573b800):  JavaThread "C1 CompilerThread2" daemon [_thread_in_native, id=7492, stack(0x0000000016f10000,0x0000000017010000)]

Stack: [0x0000000016f10000,0x0000000017010000]
[error occurred during error reporting (printing stack bounds), id 0xc0000005]

Native frames: (J=compiled Java code, j=interpreted, Vv=VM code, C=native code)


Current CompileTask:
C1:    792  595   !   3       com.android.dx.cf.code.RopperMachine::run (1550 bytes)


---------------  P R O C E S S  ---------------

Java Threads: ( => current thread )
  0x0000000017178800 JavaThread "pool-2-thread-4" [_thread_new, id=7060, stack(0x0000000000000000,0x0000000000000000)]
  0x0000000017172800 JavaThread "pool-2-thread-3" [_thread_new, id=296, stack(0x0000000000000000,0x0000000000000000)]
  0x0000000017172000 JavaThread "pool-2-thread-2" [_thread_in_Java, id=6652, stack(0x0000000017810000,0x0000000017910000)]
  0x0000000017169000 JavaThread "pool-3-thread-1" [_thread_blocked, id=6316, stack(0x0000000017710000,0x0000000017810000)]
  0x0000000017168800 JavaThread "pool-2-thread-1" [_thread_in_vm, id=1744, stack(0x0000000017610000,0x0000000017710000)]
  0x0000000017012800 JavaThread "Service Thread" daemon [_thread_blocked, id=7240, stack(0x0000000017410000,0x0000000017510000)]
=>0x000000001573b800 JavaThread "C1 CompilerThread2" daemon [_thread_in_native, id=7492, stack(0x0000000016f10000,0x0000000017010000)]
  0x00000000156d8000 JavaThread "C2 CompilerThread1" daemon [_thread_blocked, id=2168, stack(0x0000000016e10000,0x0000000016f10000)]
  0x00000000156e7000 JavaThread "C2 CompilerThread0" daemon [_thread_blocked, id=7840, stack(0x0000000016d10000,0x0000000016e10000)]
  0x00000000156e5800 JavaThread "Attach Listener" daemon [_thread_blocked, id=2308, stack(0x0000000016c10000,0x0000000016d10000)]
  0x00000000156e4800 JavaThread "Signal Dispatcher" daemon [_thread_blocked, id=5372, stack(0x0000000016b10000,0x0000000016c10000)]
  0x0000000003005800 JavaThread "Finalizer" daemon [_thread_blocked, id=1184, stack(0x0000000016930000,0x0000000016a30000)]
  0x0000000003000800 JavaThread "Reference Handler" daemon [_thread_blocked, id=10108, stack(0x0000000016830000,0x0000000016930000)]
  0x0000000002f10800 JavaThread "main" [_thread_in_vm, id=4316, stack(0x0000000002d70000,0x0000000002e70000)]

Other Threads:
  0x00000000156a6800 VMThread [stack: 0x0000000016730000,0x0000000016830000] [id=364]
  0x0000000017013000 WatcherThread [stack: 0x0000000017510000,0x0000000017610000] [id=9876]

VM state:not at safepoint (normal execution)

VM Mutex/Monitor currently owned by a thread: None

Heap:
 PSYoungGen      total 38400K, used 11580K [0x00000000eab00000, 0x00000000ed580000, 0x0000000100000000)
  eden space 33280K, 34% used [0x00000000eab00000,0x00000000eb64f3e8,0x00000000ecb80000)
  from space 5120K, 0% used [0x00000000ed080000,0x00000000ed080000,0x00000000ed580000)
  to   space 5120K, 0% used [0x00000000ecb80000,0x00000000ecb80000,0x00000000ed080000)
 ParOldGen       total 87552K, used 0K [0x00000000c0000000, 0x00000000c5580000, 0x00000000eab00000)
  object space 87552K, 0% used [0x00000000c0000000,0x00000000c0000000,0x00000000c5580000)
 Metaspace       used 5472K, capacity 6512K, committed 6784K, reserved 1056768K
  class space    used 569K, capacity 616K, committed 640K, reserved 1048576K

Card table byte_map: [0x00000000123d0000,0x00000000125e0000] byte_map_base: 0x0000000011dd0000

Marking Bits: (ParMarkBitMap*) 0x0000000051da18f0
 Begin Bits: [0x0000000012b40000, 0x0000000013b40000)
 End Bits:   [0x0000000013b40000, 0x0000000014b40000)

Polling page: 0x0000000001300000

CodeCache: size=245760Kb used=2428Kb max_used=2440Kb free=243331Kb
 bounds [0x0000000003010000, 0x0000000003280000, 0x0000000012010000]
 total_blobs=865 nmethods=597 adapters=182
 compilation: enabled

Compilation events (10 events):
Event: 0.778 Thread 0x000000001573b800 nmethod 575 0x000000000326ea10 code [0x000000000326eb60, 0x000000000326ec70]
Event: 0.778 Thread 0x000000001573b800  593       1       com.android.dx.rop.cst.CstBaseMethodRef::getPrototype (5 bytes)
Event: 0.778 Thread 0x000000001573b800 nmethod 593 0x000000000326ecd0 code [0x000000000326ee20, 0x000000000326ef30]
Event: 0.778 Thread 0x000000001573b800  595   !   3       com.android.dx.cf.code.RopperMachine::run (1550 bytes)
Event: 0.780 Thread 0x00000000156e7000 nmethod 594 0x0000000003271e90 code [0x0000000003271fe0, 0x00000000032722d8]
Event: 0.783 Thread 0x00000000156d8000  604       4       java.util.BitSet::set (58 bytes)
Event: 0.785 Thread 0x00000000156d8000 nmethod 604 0x0000000003272510 code [0x0000000003272660, 0x00000000032727e8]
Event: 0.786 Thread 0x00000000156e7000  606       4       com.android.dx.rop.code.RegisterSpec::getCategory (13 bytes)
Event: 0.787 Thread 0x00000000156e7000 nmethod 606 0x0000000003272950 code [0x0000000003272aa0, 0x0000000003272b78]
Event: 0.789 Thread 0x00000000156d8000  607       4       com.android.dx.util.IntList::add (65 bytes)

GC Heap History (0 events):
No events

Deoptimization events (1 events):
Event: 0.266 Thread 0x0000000002f10800 Uncommon trap: reason=unstable_if action=reinterpret pc=0x00000000031584d4 method=java.lang.String.indexOf(II)I @ 49

Internal exceptions (2 events):
Event: 0.043 Thread 0x0000000002f10800 Exception <a 'java/lang/NoSuchMethodError': Method sun.misc.Unsafe.defineClass(Ljava/lang/String;[BII)Ljava/lang/Class; name or signature does not match> (0x00000000eab07c78) thrown at [C:\src\android\AOSP-openjdk\external\jetbrains\jdk\hotspot\src\share\v™?¶â,#¦?
Event: 0.043 Thread 0x0000000002f10800 Exception <a 'java/lang/NoSuchMethodError': Method sun.misc.Unsafe.prefetchRead(Ljava/lang/Object;J)V name or signature does not match> (0x00000000eab07f60) thrown at [C:\src\android\AOSP-openjdk\external\jetbrains\jdk\hotspot\src\share\vm\prims\jni.cpp, l

Events (10 events):
Event: 0.630 loading class java/util/HashMap$Values
Event: 0.630 loading class java/util/HashMap$Values done
Event: 0.630 loading class java/util/HashMap$ValueIterator
Event: 0.630 loading class java/util/HashMap$ValueIterator done
Event: 0.632 loading class com/android/dx/ssa/PhiInsn$Operand
Event: 0.632 loading class com/android/dx/ssa/PhiInsn$Operand done
Event: 0.641 loading class com/android/dx/ssa/back/FirstFitLocalCombiningAllocator$Multiset
Event: 0.641 loading class com/android/dx/ssa/back/FirstFitLocalCombiningAllocator$Multiset done
Event: 0.775 loading class com/android/dx/cf/code/BytecodeArray$ConstantParserVisitor
Event: 0.776 loading class com/android/dx/cf/code/BytecodeArray$ConstantParserVisitor done


Dynamic libraries:
0x00007ff7ceea0000 - 0x00007ff7ceed1000 	C:\Program Files\Android\Android Studio\jre\bin\java.exe
0x00007ffef7d40000 - 0x00007ffef7f01000 	C:\WINDOWS\SYSTEM32\ntdll.dll
0x00007ffef53f0000 - 0x00007ffef549d000 	C:\WINDOWS\system32\KERNEL32.DLL
0x00007ffef4590000 - 0x00007ffef4778000 	C:\WINDOWS\system32\KERNELBASE.dll
0x0000000052760000 - 0x00000000527e9000 	C:\WINDOWS\System32\SYSFER.DLL
0x00007ffef5780000 - 0x00007ffef5827000 	C:\WINDOWS\system32\ADVAPI32.dll
0x00007ffef7ca0000 - 0x00007ffef7d3d000 	C:\WINDOWS\system32\msvcrt.dll
0x00007ffef7aa0000 - 0x00007ffef7afb000 	C:\WINDOWS\system32\sechost.dll
0x00007ffef7920000 - 0x00007ffef7a3c000 	C:\WINDOWS\system32\RPCRT4.dll
0x00007ffef77c0000 - 0x00007ffef7916000 	C:\WINDOWS\system32\USER32.dll
0x00007ffef55f0000 - 0x00007ffef5776000 	C:\WINDOWS\system32\GDI32.dll
0x00007ffee2500000 - 0x00007ffee2774000 	C:\WINDOWS\WinSxS\amd64_microsoft.windows.common-controls_6595b64144ccf1df_6.0.10586.672_none_a2d6b3cea53ff843\COMCTL32.dll
0x00007ffef7530000 - 0x00007ffef77ad000 	C:\WINDOWS\system32\combase.dll
0x00007ffef47a0000 - 0x00007ffef480a000 	C:\WINDOWS\system32\bcryptPrimitives.dll
0x00007ffef5200000 - 0x00007ffef523b000 	C:\WINDOWS\system32\IMM32.DLL
0x0000000051330000 - 0x0000000051402000 	C:\Program Files\Android\Android Studio\jre\jre\bin\msvcr100.dll
0x00000000515e0000 - 0x0000000051e1c000 	C:\Program Files\Android\Android Studio\jre\jre\bin\server\jvm.dll
0x00007ffef7c20000 - 0x00007ffef7c28000 	C:\WINDOWS\system32\PSAPI.DLL
0x00007ffeef3a0000 - 0x00007ffeef3a9000 	C:\WINDOWS\SYSTEM32\WSOCK32.dll
0x00007ffef7c30000 - 0x00007ffef7c9b000 	C:\WINDOWS\system32\WS2_32.dll
0x00007ffeef650000 - 0x00007ffeef673000 	C:\WINDOWS\SYSTEM32\WINMM.dll
0x00007ffeee570000 - 0x00007ffeee57a000 	C:\WINDOWS\SYSTEM32\VERSION.dll
0x00007ffeef5f0000 - 0x00007ffeef61c000 	C:\WINDOWS\SYSTEM32\WINMMBASE.dll
0x00007ffef43d0000 - 0x00007ffef4413000 	C:\WINDOWS\system32\cfgmgr32.dll
0x00007ffeea320000 - 0x00007ffeea32f000 	C:\Program Files\Android\Android Studio\jre\jre\bin\verify.dll
0x00007ffeddd60000 - 0x00007ffeddd89000 	C:\Program Files\Android\Android Studio\jre\jre\bin\java.dll
0x00007ffee1f70000 - 0x00007ffee1f86000 	C:\Program Files\Android\Android Studio\jre\jre\bin\zip.dll
0x00007ffef5890000 - 0x00007ffef6dec000 	C:\WINDOWS\system32\SHELL32.dll
0x00007ffef48a0000 - 0x00007ffef4ee5000 	C:\WINDOWS\system32\windows.storage.dll
0x00007ffef5260000 - 0x00007ffef52b2000 	C:\WINDOWS\system32\shlwapi.dll
0x00007ffef4360000 - 0x00007ffef436f000 	C:\WINDOWS\system32\kernel.appcore.dll
0x00007ffef44d0000 - 0x00007ffef4585000 	C:\WINDOWS\system32\shcore.dll
0x00007ffef4380000 - 0x00007ffef43cb000 	C:\WINDOWS\system32\powrprof.dll
0x00007ffef4340000 - 0x00007ffef4354000 	C:\WINDOWS\system32\profapi.dll

VM Arguments:
jvm_args: -Djava.awt.headless=true -Xmx1024M -Dfile.encoding=windows-1252 -Duser.country=US -Duser.language=en -Duser.variant 
java_command: com.android.dx.command.Main --dex --force-jumbo --num-threads=4 --multi-dex --output C:\Users\jon.almazan\AndroidStudioProjects\AndroidSQLiteTutorial\app\build\intermediates\transforms\dex\debug\folders\1000\10000\instant-run_600244ad392ab5e64aa21410b69c339033312703 C:\Users\jon.almazan\AndroidStudioProjects\AndroidSQLiteTutorial\app\build\intermediates\incremental-runtime-classes\debug\instant-run.jar
java_class_path (initial): C:\Users\jon.almazan\AppData\Local\Android\sdk\build-tools\25.0.2\lib\dx.jar
Launcher Type: SUN_STANDARD

Environment Variables:
PATH=C:\Program Files (x86)\RSA SecurID Token Common;C:\Program Files\RSA SecurID Token Common;C:\WINDOWS\system32;C:\WINDOWS;C:\WINDOWS\System32\Wbem;C:\WINDOWS\System32\WindowsPowerShell\v1.0\;C:\Program Files (x86)\Enterprise Vault\EVClient\;C:\Program Files (x86)\SecureCRT\;C:\Program Files\MySQL\MySQL Server 5.6\bin;C:\WINDOWS\System32\WindowsPowerShell\v1.0\;C:\WINDOWS\idmu\common;C:\Program Files (x86)\ATI Technologies\ATI.ACE\Core-Static;C:\Program Files\Git\cmd;C:\Program Files\Git\mingw64\bin;C:\Program Files\Git\usr\bin
USERNAME=jon.almazan
OS=Windows_NT
PROCESSOR_IDENTIFIER=Intel64 Family 6 Model 58 Stepping 9, GenuineIntel



---------------  S Y S T E M  ---------------

OS: Windows 10.0 , 64 bit Build 10586 (10.0.10586.589)

CPU:total 4 (4 cores per cpu, 1 threads per core) family 6 model 58 stepping 9, cmov, cx8, fxsr, mmx, sse, sse2, sse3, ssse3, sse4.1, sse4.2, popcnt, avx, aes, clmul, erms, tsc, tscinvbit, tscinv

Memory: 4k page, physical 8374832k(2734056k free), swap 9423408k(3264k free)

vm_info: OpenJDK 64-Bit Server VM (25.112-b06) for windows-amd64 JRE (1.8.0_112-release-b06), built on Dec  8 2016 00:54:26 by "builder" with MS VC++ 10.0 (VS2010)

time: Mon Mar 13 13:13:52 2017
elapsed time: 0 seconds (0d 0h 0m 0s)

